[debug] [2019-06-05T01:24:50.132Z] ----------------------------------------------------------------------
[debug] [2019-06-05T01:24:50.135Z] Command:       C:\Program Files\nodejs\node.exe C:\Users\Steve\AppData\Roaming\npm\node_modules\firebase-tools\lib\bin\firebase.js serve
[debug] [2019-06-05T01:24:50.136Z] CLI Version:   6.10.0
[debug] [2019-06-05T01:24:50.136Z] Platform:      win32
[debug] [2019-06-05T01:24:50.136Z] Node Version:  v11.9.0
[debug] [2019-06-05T01:24:50.137Z] Time:          Tue Jun 04 2019 21:24:50 GMT-0400 (Eastern Daylight Time)
[debug] [2019-06-05T01:24:50.137Z] ----------------------------------------------------------------------
[debug] 
[debug] [2019-06-05T01:24:50.145Z] > command requires scopes: ["email","openid","https://www.googleapis.com/auth/cloudplatformprojects.readonly","https://www.googleapis.com/auth/firebase","https://www.googleapis.com/auth/cloud-platform"]
[debug] [2019-06-05T01:24:50.145Z] > authorizing via signed-in user
[debug] [2019-06-05T01:24:50.145Z] [iam] checking project wait-up-5ad7e for permissions ["firebase.projects.get"]
[debug] [2019-06-05T01:24:50.147Z] >>> HTTP REQUEST POST https://cloudresourcemanager.googleapis.com/v1/projects/wait-up-5ad7e:testIamPermissions  

[debug] [2019-06-05T01:24:50.504Z] <<< HTTP RESPONSE 200
[debug] [2019-06-05T01:24:50.506Z] >>> HTTP REQUEST GET https://cloudresourcemanager.googleapis.com/v1/projects/wait-up-5ad7e  
 
[debug] [2019-06-05T01:24:50.743Z] <<< HTTP RESPONSE 200
[info] 
[info] === Serving from 'C:\Users\Steve\Desktop\headsup'...
[info] 
[warn] !  Your requested "node" version "8" doesn't match your global version "11"
[debug] [2019-06-05T01:24:50.755Z] >>> HTTP REQUEST GET https://mobilesdk-pa.googleapis.com/v1/projects/603672906124/clients/_:getWebAppConfig  
 
[debug] [2019-06-05T01:24:50.756Z] >>> HTTP REQUEST GET https://mobilesdk-pa.googleapis.com/v1/projects/603672906124:getServerAppConfig  
 
[debug] [2019-06-05T01:24:51.042Z] <<< HTTP RESPONSE 200
[info] +  functions: Emulator started at http://localhost:5001
[debug] [2019-06-05T01:24:51.084Z] <<< HTTP RESPONSE 200
[info] i  functions: Watching "C:\Users\Steve\Desktop\headsup\functions" for Cloud Functions...
[info] i  hosting: Serving hosting files from: build
[info] +  hosting: Local server: http://localhost:5000
[debug] [2019-06-05T01:24:51.503Z] Functions runtime initialized.
[debug] [2019-06-05T01:24:51.503Z] Disabled runtime features: {"functions_config_helper":true,"network_filtering":true,"timeout":true,"memory_limiting":true,"protect_env":true,"admin_stubs":true}
[debug] [2019-06-05T01:24:52.308Z] firebase-admin has been stubbed.
[info] >  what is uppppppp
[info] >  asdfasdfasdf sk_test_AWNsOR42cwpZ97NPskqj26TR003weMZi99 fart
[info] >  { provider: 'google.firebase.auth',
[info] >    service: 'firebaseauth.googleapis.com',
[info] >    user: [Function: user],
[info] >    _userWithOpts: [Function: _userWithOpts],
[info] >    UserRecordMetadata: [Function: UserRecordMetadata],
[info] >    UserBuilder: [Function: UserBuilder],
[info] >    userRecordConstructor: [Function: userRecordConstructor] }
[info] i  functions: HTTP trigger initialized at http://localhost:5001/wait-up-5ad7e/us-central1/app
